0 info it worked if it ends with ok
1 verbose cli [ '/usr/bin/nodejs', '/usr/bin/npm', 'publish' ]
2 info using npm@3.5.2
3 info using node@v4.2.6
4 verbose publish [ '.' ]
5 verbose stack Error: No version provided
5 verbose stack     at /usr/share/npm/lib/publish.js:51:36
5 verbose stack     at /usr/share/npm/node_modules/read-package-json/read-json.js:345:5
5 verbose stack     at checkBinReferences_ (/usr/share/npm/node_modules/read-package-json/read-json.js:309:45)
5 verbose stack     at final (/usr/share/npm/node_modules/read-package-json/read-json.js:343:3)
5 verbose stack     at then (/usr/share/npm/node_modules/read-package-json/read-json.js:113:5)
5 verbose stack     at /usr/share/npm/node_modules/read-package-json/read-json.js:300:12
5 verbose stack     at /usr/share/npm/node_modules/graceful-fs/graceful-fs.js:76:16
5 verbose stack     at FSReqWrap.readFileAfterClose [as oncomplete] (fs.js:380:3)
6 verbose cwd /var/jenkins_home/jobs/release-workspace/keycloak-js-bower
7 error Linux 4.16.9-300.fc28.x86_64
8 error argv "/usr/bin/nodejs" "/usr/bin/npm" "publish"
9 error node v4.2.6
10 error npm  v3.5.2
11 error No version provided
12 error If you need help, you may report this error at:
12 error     <https://github.com/npm/npm/issues>
13 verbose exit [ 1, true ]
